TN:
SF:/Users/gleb/git/qunit-promises/qunit-promises.js
FN:1,(anonymous_1)
FN:4,verifyPromise
FN:18,alwaysName
FN:30,(anonymous_4)
FN:34,(anonymous_5)
FN:36,(anonymous_6)
FN:41,(anonymous_7)
FN:45,(anonymous_8)
FN:47,(anonymous_9)
FN:52,(anonymous_10)
FN:56,(anonymous_11)
FN:61,(anonymous_12)
FN:67,(anonymous_13)
FN:71,(anonymous_14)
FN:73,(anonymous_15)
FN:78,(anonymous_16)
FN:82,(anonymous_17)
FN:84,(anonymous_18)
FNF:18
FNH:13
FNDA:1,(anonymous_1)
FNDA:17,verifyPromise
FNDA:14,alwaysName
FNDA:6,(anonymous_4)
FNDA:3,(anonymous_5)
FNDA:0,(anonymous_6)
FNDA:6,(anonymous_7)
FNDA:6,(anonymous_8)
FNDA:0,(anonymous_9)
FNDA:1,(anonymous_10)
FNDA:1,(anonymous_11)
FNDA:0,(anonymous_12)
FNDA:1,(anonymous_13)
FNDA:0,(anonymous_14)
FNDA:1,(anonymous_15)
FNDA:3,(anonymous_16)
FNDA:0,(anonymous_17)
FNDA:3,(anonymous_18)
DA:1,1
DA:4,1
DA:5,17
DA:6,1
DA:8,16
DA:9,1
DA:11,15
DA:13,1
DA:15,14
DA:18,1
DA:19,14
DA:20,0
DA:21,14
DA:22,14
DA:24,0
DA:28,1
DA:31,6
DA:33,3
DA:34,3
DA:35,3
DA:37,0
DA:42,6
DA:44,6
DA:45,6
DA:46,6
DA:48,0
DA:53,1
DA:55,1
DA:56,1
DA:57,1
DA:58,0
DA:60,1
DA:62,0
DA:68,1
DA:70,1
DA:71,1
DA:72,0
DA:74,1
DA:79,3
DA:81,3
DA:82,3
DA:83,0
DA:85,3
LF:43
LH:35
BRDA:5,1,0,1
BRDA:5,1,1,16
BRDA:8,2,0,1
BRDA:8,2,1,15
BRDA:11,3,0,1
BRDA:11,3,1,14
BRDA:11,4,0,15
BRDA:11,4,1,15
BRDA:19,5,0,0
BRDA:19,5,1,14
BRDA:21,6,0,14
BRDA:21,6,1,0
BRDA:57,7,0,0
BRDA:57,7,1,1
BRF:14
BRH:11
end_of_record
TN:
SF:/Users/gleb/git/qunit-promises/test/node-tests.js
FN:9,(anonymous_1)
FN:13,(anonymous_2)
FN:18,(anonymous_3)
FN:22,delayedFoo
FN:24,(anonymous_5)
FN:28,(anonymous_6)
FN:32,(anonymous_7)
FN:36,delayedHello
FN:38,(anonymous_9)
FN:42,delayedHelloFail
FN:44,(anonymous_11)
FN:48,delayedOne
FN:50,(anonymous_13)
FN:54,delayedOneFail
FN:56,(anonymous_15)
FN:60,delayedFooBar
FN:67,(anonymous_17)
FN:72,(anonymous_18)
FN:75,(anonymous_19)
FN:81,(anonymous_20)
FN:85,(anonymous_21)
FN:89,(anonymous_22)
FN:93,(anonymous_23)
FN:97,(anonymous_24)
FN:101,(anonymous_25)
FN:111,(anonymous_26)
FN:114,(anonymous_27)
FN:116,(anonymous_28)
FN:121,(anonymous_29)
FN:125,(anonymous_30)
FN:129,(anonymous_31)
FN:133,(anonymous_32)
FN:138,(anonymous_33)
FN:142,(anonymous_34)
FN:143,(anonymous_35)
FN:148,(anonymous_36)
FN:149,(anonymous_37)
FN:154,(anonymous_38)
FN:155,(anonymous_39)
FN:157,(anonymous_40)
FN:167,(anonymous_41)
FN:172,initCounter
FN:174,(anonymous_43)
FN:181,(anonymous_44)
FN:185,(anonymous_45)
FN:186,(anonymous_46)
FNF:46
FNH:44
FNDA:1,(anonymous_1)
FNDA:1,(anonymous_2)
FNDA:1,(anonymous_3)
FNDA:2,delayedFoo
FNDA:2,(anonymous_5)
FNDA:1,(anonymous_6)
FNDA:1,(anonymous_7)
FNDA:6,delayedHello
FNDA:6,(anonymous_9)
FNDA:4,delayedHelloFail
FNDA:4,(anonymous_11)
FNDA:1,delayedOne
FNDA:1,(anonymous_13)
FNDA:1,delayedOneFail
FNDA:1,(anonymous_15)
FNDA:1,delayedFooBar
FNDA:1,(anonymous_17)
FNDA:1,(anonymous_18)
FNDA:1,(anonymous_19)
FNDA:1,(anonymous_20)
FNDA:1,(anonymous_21)
FNDA:1,(anonymous_22)
FNDA:1,(anonymous_23)
FNDA:1,(anonymous_24)
FNDA:1,(anonymous_25)
FNDA:1,(anonymous_26)
FNDA:0,(anonymous_27)
FNDA:1,(anonymous_28)
FNDA:1,(anonymous_29)
FNDA:1,(anonymous_30)
FNDA:1,(anonymous_31)
FNDA:1,(anonymous_32)
FNDA:1,(anonymous_33)
FNDA:1,(anonymous_34)
FNDA:1,(anonymous_35)
FNDA:1,(anonymous_36)
FNDA:1,(anonymous_37)
FNDA:1,(anonymous_38)
FNDA:1,(anonymous_39)
FNDA:0,(anonymous_40)
FNDA:1,(anonymous_41)
FNDA:2,initCounter
FNDA:2,(anonymous_43)
FNDA:1,(anonymous_44)
FNDA:1,(anonymous_45)
FNDA:1,(anonymous_46)
DA:5,1
DA:7,1
DA:9,1
DA:10,1
DA:13,1
DA:15,1
DA:18,1
DA:19,1
DA:22,1
DA:23,2
DA:24,2
DA:25,2
DA:28,1
DA:29,1
DA:32,1
DA:33,1
DA:36,1
DA:37,6
DA:38,6
DA:39,6
DA:42,1
DA:43,4
DA:44,4
DA:45,4
DA:48,1
DA:49,1
DA:50,1
DA:51,1
DA:54,1
DA:55,1
DA:56,1
DA:57,1
DA:60,1
DA:61,1
DA:62,1
DA:67,1
DA:68,1
DA:72,1
DA:73,1
DA:74,1
DA:75,1
DA:76,1
DA:81,1
DA:82,1
DA:85,1
DA:86,1
DA:89,1
DA:90,1
DA:93,1
DA:94,1
DA:97,1
DA:98,1
DA:101,1
DA:102,1
DA:107,1
DA:111,1
DA:112,1
DA:113,1
DA:114,1
DA:115,0
DA:117,1
DA:121,1
DA:122,1
DA:125,1
DA:126,1
DA:129,1
DA:130,1
DA:133,1
DA:134,1
DA:138,1
DA:139,1
DA:142,1
DA:143,1
DA:144,1
DA:148,1
DA:149,1
DA:150,1
DA:154,1
DA:155,1
DA:156,1
DA:163,1
DA:165,1
DA:168,1
DA:172,1
DA:173,2
DA:174,2
DA:175,2
DA:176,2
DA:178,2
DA:181,1
DA:182,1
DA:185,1
DA:186,1
LF:93
LH:92
BRF:0
BRH:0
end_of_record
